{
  "stats": {
    "suites": 1,
    "tests": 2,
    "passes": 2,
    "pending": 0,
    "failures": 0,
    "start": "2022-03-14T07:54:09.524Z",
    "end": "2022-03-14T07:54:29.942Z",
    "duration": 20418,
    "testsRegistered": 2,
    "passPercent": 100,
    "pendingPercent": 0,
    "other": 0,
    "hasOther": false,
    "skipped": 0,
    "hasSkipped": false
  },
  "results": [
    {
      "uuid": "8c10165c-89ef-4779-9890-d1f8b7d35195",
      "title": "",
      "fullFile": "C:\\Users\\arsinghai\\Desktop\\trainings\\CodeceptJS\\Tests\\HomePage_test.js",
      "file": "\\Tests\\HomePage_test.js",
      "beforeHooks": [],
      "afterHooks": [],
      "tests": [],
      "suites": [
        {
          "uuid": "e46c6661-4cb0-4b3b-9881-3518c2c588d9",
          "title": "Home page Tests",
          "fullFile": "C:\\Users\\arsinghai\\Desktop\\trainings\\CodeceptJS\\Tests\\HomePage_test.js",
          "file": "\\Tests\\HomePage_test.js",
          "beforeHooks": [
            {
              "title": "\"before all\" hook: codeceptjs.beforeSuite in \"Home page Tests\"",
              "fullTitle": "Home page Tests \"before all\" hook: codeceptjs.beforeSuite in \"Home page Tests\"",
              "timedOut": false,
              "duration": 1,
              "state": null,
              "speed": null,
              "pass": false,
              "fail": false,
              "pending": false,
              "context": null,
              "code": "scenario.suiteSetup(suite)",
              "err": {},
              "uuid": "7263aa0a-dd05-473a-8161-4b4534720400",
              "parentUUID": "e46c6661-4cb0-4b3b-9881-3518c2c588d9",
              "isHook": true,
              "skipped": false
            },
            {
              "title": "\"before each\" hook: codeceptjs.before in \"Home page Tests\"",
              "fullTitle": "Home page Tests \"before each\" hook: codeceptjs.before in \"Home page Tests\"",
              "timedOut": false,
              "duration": 3324,
              "state": null,
              "speed": null,
              "pass": false,
              "fail": false,
              "pending": false,
              "context": null,
              "code": "scenario.setup(suite)",
              "err": {},
              "uuid": "a22a29e7-7be9-45aa-bec1-822627c0d41d",
              "parentUUID": "e46c6661-4cb0-4b3b-9881-3518c2c588d9",
              "isHook": true,
              "skipped": false
            }
          ],
          "afterHooks": [
            {
              "title": "\"after all\" hook: codeceptjs.afterSuite in \"Home page Tests\"",
              "fullTitle": "Home page Tests \"after all\" hook: codeceptjs.afterSuite in \"Home page Tests\"",
              "timedOut": false,
              "duration": 0,
              "state": null,
              "speed": null,
              "pass": false,
              "fail": false,
              "pending": false,
              "context": null,
              "code": "scenario.suiteTeardown(suite)",
              "err": {},
              "uuid": "c1fa3d5e-bf61-4580-b665-e11cf95da780",
              "parentUUID": "e46c6661-4cb0-4b3b-9881-3518c2c588d9",
              "isHook": true,
              "skipped": false
            },
            {
              "title": "\"after each\" hook: finalize codeceptjs in \"Home page Tests\"",
              "fullTitle": "Home page Tests \"after each\" hook: finalize codeceptjs in \"Home page Tests\"",
              "timedOut": false,
              "duration": 142,
              "state": null,
              "speed": null,
              "pass": false,
              "fail": false,
              "pending": false,
              "context": null,
              "code": "scenario.teardown(suite)",
              "err": {},
              "uuid": "7499acfc-4fe3-4dfb-8e63-a61298913a1e",
              "parentUUID": "e46c6661-4cb0-4b3b-9881-3518c2c588d9",
              "isHook": true,
              "skipped": false
            }
          ],
          "tests": [
            {
              "title": "Adding different items and checking the cart",
              "fullTitle": "Home page Tests: Adding different items and checking the cart",
              "timedOut": false,
              "duration": 7959,
              "state": "passed",
              "speed": "slow",
              "pass": true,
              "fail": false,
              "pending": false,
              "context": null,
              "code": "I,\n        homePage\n    }\n) => {\n     \n    I.amOnPage('/');\n    await homePage.selectCategory(td.section);\n    await homePage.addToCartandVerify(td.item1);\n    await homePage.addToCartandVerify(td.item2);\n    await homePage.addToCartandVerify(td.item3);",
              "err": {},
              "uuid": "d19796ad-ed8a-40d6-8e1e-ae08b7d32186",
              "parentUUID": "e46c6661-4cb0-4b3b-9881-3518c2c588d9",
              "isHook": false,
              "skipped": false
            },
            {
              "title": "Adding single item multiple times and checking the cart",
              "fullTitle": "Home page Tests: Adding single item multiple times and checking the cart",
              "timedOut": false,
              "duration": 6084,
              "state": "passed",
              "speed": "slow",
              "pass": true,
              "fail": false,
              "pending": false,
              "context": null,
              "code": "I,\n    homePage\n}\n) => {\n \n        I.amOnPage('/');\n        await homePage.selectCategory(td.section);\n        await homePage.additemToCartandVerify(td.item3,td.count);",
              "err": {},
              "uuid": "ca10bc92-f7fa-41ff-9e70-207d83b9b05e",
              "parentUUID": "e46c6661-4cb0-4b3b-9881-3518c2c588d9",
              "isHook": false,
              "skipped": false
            }
          ],
          "suites": [],
          "passes": [
            "d19796ad-ed8a-40d6-8e1e-ae08b7d32186",
            "ca10bc92-f7fa-41ff-9e70-207d83b9b05e"
          ],
          "failures": [],
          "pending": [],
          "skipped": [],
          "duration": 14043,
          "root": false,
          "rootEmpty": false,
          "_timeout": 0
        }
      ],
      "passes": [],
      "failures": [],
      "pending": [],
      "skipped": [],
      "duration": 0,
      "root": true,
      "rootEmpty": true,
      "_timeout": 0
    }
  ],
  "meta": {
    "mocha": {
      "version": "8.1.3"
    },
    "mochawesome": {
      "options": {
        "quiet": false,
        "reportFilename": "mochawesome",
        "saveHtml": true,
        "saveJson": true,
        "consoleReporter": "spec",
        "useInlineDiffs": false,
        "code": true
      },
      "version": "7.1.2"
    },
    "marge": {
      "options": {
        "mochaFile": "output/result.xml",
        "repertDir": "output"
      },
      "version": "6.1.1"
    }
  }
}